[0.898s] Invoking command in '/home/robot/workspace2/team15_ws/src/final_project': CONDA_PROMPT_MODIFIER=(team15) PYTHONPATH=/home/robot/workspace2/team15_ws/build/final_project/prefix_override:/home/robot/workspace2/team15_ws/install/final_project/lib/python3.6/site-packages:${PYTHONPATH} /usr/bin/python3 setup.py egg_info --egg-base ../../build/final_project build --build-base /home/robot/workspace2/team15_ws/build/final_project/build install --record /home/robot/workspace2/team15_ws/build/final_project/install.log --install-scripts $base/lib/final_project --single-version-externally-managed
[1.139s] running egg_info
[1.139s] writing ../../build/final_project/final_project.egg-info/PKG-INFO
[1.140s] writing dependency_links to ../../build/final_project/final_project.egg-info/dependency_links.txt
[1.140s] writing entry points to ../../build/final_project/final_project.egg-info/entry_points.txt
[1.140s] writing requirements to ../../build/final_project/final_project.egg-info/requires.txt
[1.140s] writing top-level names to ../../build/final_project/final_project.egg-info/top_level.txt
[1.164s] reading manifest file '../../build/final_project/final_project.egg-info/SOURCES.txt'
[1.165s] writing manifest file '../../build/final_project/final_project.egg-info/SOURCES.txt'
[1.165s] running build
[1.165s] running build_py
[1.165s] copying final_project/text_to_image.py -> /home/robot/workspace2/team15_ws/build/final_project/build/lib/final_project
[1.166s] running install
[1.166s] running install_lib
[1.166s] copying /home/robot/workspace2/team15_ws/build/final_project/build/lib/final_project/text_to_image.py -> /home/robot/workspace2/team15_ws/install/final_project/lib/python3.6/site-packages/final_project
[1.167s] byte-compiling /home/robot/workspace2/team15_ws/install/final_project/lib/python3.6/site-packages/final_project/text_to_image.py to text_to_image.cpython-36.pyc
[1.168s] running install_data
[1.168s] running install_egg_info
[1.170s] removing '/home/robot/workspace2/team15_ws/install/final_project/lib/python3.6/site-packages/final_project-0.0.0-py3.6.egg-info' (and everything under it)
[1.170s] Copying ../../build/final_project/final_project.egg-info to /home/robot/workspace2/team15_ws/install/final_project/lib/python3.6/site-packages/final_project-0.0.0-py3.6.egg-info
[1.171s] running install_scripts
[1.184s] Installing final_project_main script to /home/robot/workspace2/team15_ws/install/final_project/lib/final_project
[1.185s] writing list of installed files to '/home/robot/workspace2/team15_ws/build/final_project/install.log'
[1.211s] Invoked command in '/home/robot/workspace2/team15_ws/src/final_project' returned '0': CONDA_PROMPT_MODIFIER=(team15) PYTHONPATH=/home/robot/workspace2/team15_ws/build/final_project/prefix_override:/home/robot/workspace2/team15_ws/install/final_project/lib/python3.6/site-packages:${PYTHONPATH} /usr/bin/python3 setup.py egg_info --egg-base ../../build/final_project build --build-base /home/robot/workspace2/team15_ws/build/final_project/build install --record /home/robot/workspace2/team15_ws/build/final_project/install.log --install-scripts $base/lib/final_project --single-version-externally-managed
