running egg_info
writing ../../build/final_project/final_project.egg-info/PKG-INFO
writing dependency_links to ../../build/final_project/final_project.egg-info/dependency_links.txt
writing entry points to ../../build/final_project/final_project.egg-info/entry_points.txt
writing requirements to ../../build/final_project/final_project.egg-info/requires.txt
writing top-level names to ../../build/final_project/final_project.egg-info/top_level.txt
reading manifest file '../../build/final_project/final_project.egg-info/SOURCES.txt'
writing manifest file '../../build/final_project/final_project.egg-info/SOURCES.txt'
running build
running build_py
copying final_project/canvas_localization_new.py -> /home/robot/workspace2/team15_ws/build/final_project/build/lib/final_project
copying final_project/edgegroup_pure.py -> /home/robot/workspace2/team15_ws/build/final_project/build/lib/final_project
running install
running install_lib
copying /home/robot/workspace2/team15_ws/build/final_project/build/lib/final_project/canvas_localization_new.py -> /home/robot/workspace2/team15_ws/install/final_project/lib/python3.6/site-packages/final_project
copying /home/robot/workspace2/team15_ws/build/final_project/build/lib/final_project/edgegroup_pure.py -> /home/robot/workspace2/team15_ws/install/final_project/lib/python3.6/site-packages/final_project
byte-compiling /home/robot/workspace2/team15_ws/install/final_project/lib/python3.6/site-packages/final_project/canvas_localization_new.py to canvas_localization_new.cpython-36.pyc
byte-compiling /home/robot/workspace2/team15_ws/install/final_project/lib/python3.6/site-packages/final_project/edgegroup_pure.py to edgegroup_pure.cpython-36.pyc
running install_data
running install_egg_info
removing '/home/robot/workspace2/team15_ws/install/final_project/lib/python3.6/site-packages/final_project-0.0.0-py3.6.egg-info' (and everything under it)
Copying ../../build/final_project/final_project.egg-info to /home/robot/workspace2/team15_ws/install/final_project/lib/python3.6/site-packages/final_project-0.0.0-py3.6.egg-info
running install_scripts
Installing final_project_main script to /home/robot/workspace2/team15_ws/install/final_project/lib/final_project
writing list of installed files to '/home/robot/workspace2/team15_ws/build/final_project/install.log'
