[0.910s] Invoking command in '/home/robot/workspace2/team15_ws/src/final_project': PYTHONPATH=/home/robot/workspace2/team15_ws/build/final_project/prefix_override:/home/robot/workspace2/team15_ws/install/final_project/lib/python3.6/site-packages:${PYTHONPATH} /usr/bin/python3 setup.py egg_info --egg-base ../../build/final_project build --build-base /home/robot/workspace2/team15_ws/build/final_project/build install --record /home/robot/workspace2/team15_ws/build/final_project/install.log --install-scripts $base/lib/final_project --single-version-externally-managed
[1.153s] running egg_info
[1.154s] writing ../../build/final_project/final_project.egg-info/PKG-INFO
[1.154s] writing dependency_links to ../../build/final_project/final_project.egg-info/dependency_links.txt
[1.154s] writing entry points to ../../build/final_project/final_project.egg-info/entry_points.txt
[1.154s] writing requirements to ../../build/final_project/final_project.egg-info/requires.txt
[1.154s] writing top-level names to ../../build/final_project/final_project.egg-info/top_level.txt
[1.179s] reading manifest file '../../build/final_project/final_project.egg-info/SOURCES.txt'
[1.180s] writing manifest file '../../build/final_project/final_project.egg-info/SOURCES.txt'
[1.180s] running build
[1.180s] running build_py
[1.180s] copying final_project/canvas_localization_new.py -> /home/robot/workspace2/team15_ws/build/final_project/build/lib/final_project
[1.180s] copying final_project/__init__.py -> /home/robot/workspace2/team15_ws/build/final_project/build/lib/final_project
[1.180s] copying final_project/tm_robot_arm.py -> /home/robot/workspace2/team15_ws/build/final_project/build/lib/final_project
[1.180s] copying final_project/speech_to_text.py -> /home/robot/workspace2/team15_ws/build/final_project/build/lib/final_project
[1.180s] copying final_project/text_to_image.py -> /home/robot/workspace2/team15_ws/build/final_project/build/lib/final_project
[1.180s] copying final_project/final_project_main.py -> /home/robot/workspace2/team15_ws/build/final_project/build/lib/final_project
[1.181s] copying final_project/homography.py -> /home/robot/workspace2/team15_ws/build/final_project/build/lib/final_project
[1.181s] copying final_project/camera.py -> /home/robot/workspace2/team15_ws/build/final_project/build/lib/final_project
[1.181s] copying final_project/edgegroup_pure.py -> /home/robot/workspace2/team15_ws/build/final_project/build/lib/final_project
[1.181s] copying final_project/find_mic.py -> /home/robot/workspace2/team15_ws/build/final_project/build/lib/final_project
[1.181s] running install
[1.181s] running install_lib
[1.182s] copying /home/robot/workspace2/team15_ws/build/final_project/build/lib/final_project/canvas_localization_new.py -> /home/robot/workspace2/team15_ws/install/final_project/lib/python3.6/site-packages/final_project
[1.182s] copying /home/robot/workspace2/team15_ws/build/final_project/build/lib/final_project/__init__.py -> /home/robot/workspace2/team15_ws/install/final_project/lib/python3.6/site-packages/final_project
[1.182s] copying /home/robot/workspace2/team15_ws/build/final_project/build/lib/final_project/tm_robot_arm.py -> /home/robot/workspace2/team15_ws/install/final_project/lib/python3.6/site-packages/final_project
[1.182s] copying /home/robot/workspace2/team15_ws/build/final_project/build/lib/final_project/speech_to_text.py -> /home/robot/workspace2/team15_ws/install/final_project/lib/python3.6/site-packages/final_project
[1.182s] copying /home/robot/workspace2/team15_ws/build/final_project/build/lib/final_project/text_to_image.py -> /home/robot/workspace2/team15_ws/install/final_project/lib/python3.6/site-packages/final_project
[1.182s] copying /home/robot/workspace2/team15_ws/build/final_project/build/lib/final_project/final_project_main.py -> /home/robot/workspace2/team15_ws/install/final_project/lib/python3.6/site-packages/final_project
[1.182s] copying /home/robot/workspace2/team15_ws/build/final_project/build/lib/final_project/homography.py -> /home/robot/workspace2/team15_ws/install/final_project/lib/python3.6/site-packages/final_project
[1.183s] copying /home/robot/workspace2/team15_ws/build/final_project/build/lib/final_project/camera.py -> /home/robot/workspace2/team15_ws/install/final_project/lib/python3.6/site-packages/final_project
[1.183s] copying /home/robot/workspace2/team15_ws/build/final_project/build/lib/final_project/edgegroup_pure.py -> /home/robot/workspace2/team15_ws/install/final_project/lib/python3.6/site-packages/final_project
[1.183s] copying /home/robot/workspace2/team15_ws/build/final_project/build/lib/final_project/find_mic.py -> /home/robot/workspace2/team15_ws/install/final_project/lib/python3.6/site-packages/final_project
[1.183s] byte-compiling /home/robot/workspace2/team15_ws/install/final_project/lib/python3.6/site-packages/final_project/canvas_localization_new.py to canvas_localization_new.cpython-36.pyc
[1.184s] byte-compiling /home/robot/workspace2/team15_ws/install/final_project/lib/python3.6/site-packages/final_project/__init__.py to __init__.cpython-36.pyc
[1.184s] byte-compiling /home/robot/workspace2/team15_ws/install/final_project/lib/python3.6/site-packages/final_project/tm_robot_arm.py to tm_robot_arm.cpython-36.pyc
[1.185s] byte-compiling /home/robot/workspace2/team15_ws/install/final_project/lib/python3.6/site-packages/final_project/speech_to_text.py to speech_to_text.cpython-36.pyc
[1.185s] byte-compiling /home/robot/workspace2/team15_ws/install/final_project/lib/python3.6/site-packages/final_project/text_to_image.py to text_to_image.cpython-36.pyc
[1.186s] byte-compiling /home/robot/workspace2/team15_ws/install/final_project/lib/python3.6/site-packages/final_project/final_project_main.py to final_project_main.cpython-36.pyc
[1.187s] byte-compiling /home/robot/workspace2/team15_ws/install/final_project/lib/python3.6/site-packages/final_project/homography.py to homography.cpython-36.pyc
[1.187s] byte-compiling /home/robot/workspace2/team15_ws/install/final_project/lib/python3.6/site-packages/final_project/camera.py to camera.cpython-36.pyc
[1.191s] byte-compiling /home/robot/workspace2/team15_ws/install/final_project/lib/python3.6/site-packages/final_project/edgegroup_pure.py to edgegroup_pure.cpython-36.pyc
[1.192s] byte-compiling /home/robot/workspace2/team15_ws/install/final_project/lib/python3.6/site-packages/final_project/find_mic.py to find_mic.cpython-36.pyc
[1.192s] running install_data
[1.193s] copying resource/final_project -> /home/robot/workspace2/team15_ws/install/final_project/share/ament_index/resource_index/packages
[1.193s] copying package.xml -> /home/robot/workspace2/team15_ws/install/final_project/share/final_project
[1.193s] running install_egg_info
[1.194s] removing '/home/robot/workspace2/team15_ws/install/final_project/lib/python3.6/site-packages/final_project-0.0.0-py3.6.egg-info' (and everything under it)
[1.194s] Copying ../../build/final_project/final_project.egg-info to /home/robot/workspace2/team15_ws/install/final_project/lib/python3.6/site-packages/final_project-0.0.0-py3.6.egg-info
[1.195s] running install_scripts
[1.209s] Installing final_project_main script to /home/robot/workspace2/team15_ws/install/final_project/lib/final_project
[1.210s] writing list of installed files to '/home/robot/workspace2/team15_ws/build/final_project/install.log'
[1.233s] Invoked command in '/home/robot/workspace2/team15_ws/src/final_project' returned '0': PYTHONPATH=/home/robot/workspace2/team15_ws/build/final_project/prefix_override:/home/robot/workspace2/team15_ws/install/final_project/lib/python3.6/site-packages:${PYTHONPATH} /usr/bin/python3 setup.py egg_info --egg-base ../../build/final_project build --build-base /home/robot/workspace2/team15_ws/build/final_project/build install --record /home/robot/workspace2/team15_ws/build/final_project/install.log --install-scripts $base/lib/final_project --single-version-externally-managed
