[0.935s] Invoking command in '/home/robot/workspace2/team15_ws/src/send_script': CONDA_PROMPT_MODIFIER=(team15) PYTHONPATH=/home/robot/workspace2/team15_ws/build/send_script/prefix_override:/home/robot/workspace2/team15_ws/install/send_script/lib/python3.6/site-packages:${PYTHONPATH} /usr/bin/python3 setup.py egg_info --egg-base ../../build/send_script build --build-base /home/robot/workspace2/team15_ws/build/send_script/build install --record /home/robot/workspace2/team15_ws/build/send_script/install.log --install-scripts $base/lib/send_script --single-version-externally-managed
[1.189s] running egg_info
[1.190s] writing ../../build/send_script/send_script.egg-info/PKG-INFO
[1.190s] writing dependency_links to ../../build/send_script/send_script.egg-info/dependency_links.txt
[1.190s] writing entry points to ../../build/send_script/send_script.egg-info/entry_points.txt
[1.190s] writing requirements to ../../build/send_script/send_script.egg-info/requires.txt
[1.191s] writing top-level names to ../../build/send_script/send_script.egg-info/top_level.txt
[1.215s] reading manifest file '../../build/send_script/send_script.egg-info/SOURCES.txt'
[1.216s] writing manifest file '../../build/send_script/send_script.egg-info/SOURCES.txt'
[1.216s] running build
[1.216s] running build_py
[1.216s] copying send_script/hw4.py -> /home/robot/workspace2/team15_ws/build/send_script/build/lib/send_script
[1.217s] running install
[1.217s] running install_lib
[1.217s] copying /home/robot/workspace2/team15_ws/build/send_script/build/lib/send_script/hw4.py -> /home/robot/workspace2/team15_ws/install/send_script/lib/python3.6/site-packages/send_script
[1.218s] byte-compiling /home/robot/workspace2/team15_ws/install/send_script/lib/python3.6/site-packages/send_script/hw4.py to hw4.cpython-36.pyc
[1.219s] running install_data
[1.220s] running install_egg_info
[1.221s] removing '/home/robot/workspace2/team15_ws/install/send_script/lib/python3.6/site-packages/send_script-0.0.0-py3.6.egg-info' (and everything under it)
[1.221s] Copying ../../build/send_script/send_script.egg-info to /home/robot/workspace2/team15_ws/install/send_script/lib/python3.6/site-packages/send_script-0.0.0-py3.6.egg-info
[1.222s] running install_scripts
[1.236s] Installing eye_in_hand_calibration script to /home/robot/workspace2/team15_ws/install/send_script/lib/send_script
[1.236s] Installing eye_to_hand_calibration script to /home/robot/workspace2/team15_ws/install/send_script/lib/send_script
[1.237s] Installing hw4 script to /home/robot/workspace2/team15_ws/install/send_script/lib/send_script
[1.237s] Installing img_sub script to /home/robot/workspace2/team15_ws/install/send_script/lib/send_script
[1.237s] Installing send_script script to /home/robot/workspace2/team15_ws/install/send_script/lib/send_script
[1.237s] writing list of installed files to '/home/robot/workspace2/team15_ws/build/send_script/install.log'
[1.264s] Invoked command in '/home/robot/workspace2/team15_ws/src/send_script' returned '0': CONDA_PROMPT_MODIFIER=(team15) PYTHONPATH=/home/robot/workspace2/team15_ws/build/send_script/prefix_override:/home/robot/workspace2/team15_ws/install/send_script/lib/python3.6/site-packages:${PYTHONPATH} /usr/bin/python3 setup.py egg_info --egg-base ../../build/send_script build --build-base /home/robot/workspace2/team15_ws/build/send_script/build install --record /home/robot/workspace2/team15_ws/build/send_script/install.log --install-scripts $base/lib/send_script --single-version-externally-managed
