[0.615s] Invoking command in '/home/robot/workspace2/team15_ws/src/send_script': PYTHONPATH=/home/robot/workspace2/team15_ws/build/send_script/prefix_override:/home/robot/workspace2/team15_ws/install/send_script/lib/python3.6/site-packages:${PYTHONPATH} /usr/bin/python3 setup.py egg_info --egg-base ../../build/send_script build --build-base /home/robot/workspace2/team15_ws/build/send_script/build install --record /home/robot/workspace2/team15_ws/build/send_script/install.log --install-scripts $base/lib/send_script --single-version-externally-managed
[0.852s] running egg_info
[0.853s] writing ../../build/send_script/send_script.egg-info/PKG-INFO
[0.853s] writing dependency_links to ../../build/send_script/send_script.egg-info/dependency_links.txt
[0.854s] writing entry points to ../../build/send_script/send_script.egg-info/entry_points.txt
[0.854s] writing requirements to ../../build/send_script/send_script.egg-info/requires.txt
[0.854s] writing top-level names to ../../build/send_script/send_script.egg-info/top_level.txt
[0.877s] reading manifest file '../../build/send_script/send_script.egg-info/SOURCES.txt'
[0.878s] writing manifest file '../../build/send_script/send_script.egg-info/SOURCES.txt'
[0.878s] running build
[0.878s] running build_py
[0.879s] copying send_script/hw4.py -> /home/robot/workspace2/team15_ws/build/send_script/build/lib/send_script
[0.879s] copying send_script/corner.py -> /home/robot/workspace2/team15_ws/build/send_script/build/lib/send_script
[0.879s] copying send_script/camera.py -> /home/robot/workspace2/team15_ws/build/send_script/build/lib/send_script
[0.879s] running install
[0.879s] running install_lib
[0.880s] copying /home/robot/workspace2/team15_ws/build/send_script/build/lib/send_script/hw4.py -> /home/robot/workspace2/team15_ws/install/send_script/lib/python3.6/site-packages/send_script
[0.880s] copying /home/robot/workspace2/team15_ws/build/send_script/build/lib/send_script/corner.py -> /home/robot/workspace2/team15_ws/install/send_script/lib/python3.6/site-packages/send_script
[0.880s] copying /home/robot/workspace2/team15_ws/build/send_script/build/lib/send_script/camera.py -> /home/robot/workspace2/team15_ws/install/send_script/lib/python3.6/site-packages/send_script
[0.881s] byte-compiling /home/robot/workspace2/team15_ws/install/send_script/lib/python3.6/site-packages/send_script/hw4.py to hw4.cpython-36.pyc
[0.882s] byte-compiling /home/robot/workspace2/team15_ws/install/send_script/lib/python3.6/site-packages/send_script/corner.py to corner.cpython-36.pyc
[0.883s] byte-compiling /home/robot/workspace2/team15_ws/install/send_script/lib/python3.6/site-packages/send_script/camera.py to camera.cpython-36.pyc
[0.886s] running install_data
[0.887s] running install_egg_info
[0.888s] removing '/home/robot/workspace2/team15_ws/install/send_script/lib/python3.6/site-packages/send_script-0.0.0-py3.6.egg-info' (and everything under it)
[0.888s] Copying ../../build/send_script/send_script.egg-info to /home/robot/workspace2/team15_ws/install/send_script/lib/python3.6/site-packages/send_script-0.0.0-py3.6.egg-info
[0.889s] running install_scripts
[0.902s] Installing eye_in_hand_calibration script to /home/robot/workspace2/team15_ws/install/send_script/lib/send_script
[0.902s] Installing eye_to_hand_calibration script to /home/robot/workspace2/team15_ws/install/send_script/lib/send_script
[0.902s] Installing hw4 script to /home/robot/workspace2/team15_ws/install/send_script/lib/send_script
[0.902s] Installing img_sub script to /home/robot/workspace2/team15_ws/install/send_script/lib/send_script
[0.902s] Installing send_script script to /home/robot/workspace2/team15_ws/install/send_script/lib/send_script
[0.902s] writing list of installed files to '/home/robot/workspace2/team15_ws/build/send_script/install.log'
[0.916s] Invoked command in '/home/robot/workspace2/team15_ws/src/send_script' returned '0': PYTHONPATH=/home/robot/workspace2/team15_ws/build/send_script/prefix_override:/home/robot/workspace2/team15_ws/install/send_script/lib/python3.6/site-packages:${PYTHONPATH} /usr/bin/python3 setup.py egg_info --egg-base ../../build/send_script build --build-base /home/robot/workspace2/team15_ws/build/send_script/build install --record /home/robot/workspace2/team15_ws/build/send_script/install.log --install-scripts $base/lib/send_script --single-version-externally-managed
