[0.621s] Invoking command in '/home/robot/workspace2/team15_ws/src/send_script': PYTHONPATH=/home/robot/workspace2/team15_ws/build/send_script/prefix_override:/home/robot/workspace2/team15_ws/install/send_script/lib/python3.6/site-packages:${PYTHONPATH} /usr/bin/python3 setup.py egg_info --egg-base ../../build/send_script build --build-base /home/robot/workspace2/team15_ws/build/send_script/build install --record /home/robot/workspace2/team15_ws/build/send_script/install.log --install-scripts $base/lib/send_script --single-version-externally-managed
[0.862s] running egg_info
[0.863s] writing ../../build/send_script/send_script.egg-info/PKG-INFO
[0.863s] writing dependency_links to ../../build/send_script/send_script.egg-info/dependency_links.txt
[0.863s] writing entry points to ../../build/send_script/send_script.egg-info/entry_points.txt
[0.863s] writing requirements to ../../build/send_script/send_script.egg-info/requires.txt
[0.864s] writing top-level names to ../../build/send_script/send_script.egg-info/top_level.txt
[0.886s] reading manifest file '../../build/send_script/send_script.egg-info/SOURCES.txt'
[0.887s] writing manifest file '../../build/send_script/send_script.egg-info/SOURCES.txt'
[0.887s] running build
[0.888s] running build_py
[0.888s] copying send_script/hw4.py -> /home/robot/workspace2/team15_ws/build/send_script/build/lib/send_script
[0.888s] copying send_script/__init__.py -> /home/robot/workspace2/team15_ws/build/send_script/build/lib/send_script
[0.888s] copying send_script/tm_robot_arm.py -> /home/robot/workspace2/team15_ws/build/send_script/build/lib/send_script
[0.888s] copying send_script/eye_in_hand_calibration.py -> /home/robot/workspace2/team15_ws/build/send_script/build/lib/send_script
[0.888s] copying send_script/image_sub.py -> /home/robot/workspace2/team15_ws/build/send_script/build/lib/send_script
[0.888s] copying send_script/send_script.py -> /home/robot/workspace2/team15_ws/build/send_script/build/lib/send_script
[0.889s] copying send_script/eye_to_hand_calibration.py -> /home/robot/workspace2/team15_ws/build/send_script/build/lib/send_script
[0.889s] copying send_script/camera.py -> /home/robot/workspace2/team15_ws/build/send_script/build/lib/send_script
[0.889s] copying send_script/create_grid.py -> /home/robot/workspace2/team15_ws/build/send_script/build/lib/send_script
[0.889s] running install
[0.889s] running install_lib
[0.890s] copying /home/robot/workspace2/team15_ws/build/send_script/build/lib/send_script/hw4.py -> /home/robot/workspace2/team15_ws/install/send_script/lib/python3.6/site-packages/send_script
[0.890s] copying /home/robot/workspace2/team15_ws/build/send_script/build/lib/send_script/__init__.py -> /home/robot/workspace2/team15_ws/install/send_script/lib/python3.6/site-packages/send_script
[0.890s] copying /home/robot/workspace2/team15_ws/build/send_script/build/lib/send_script/tm_robot_arm.py -> /home/robot/workspace2/team15_ws/install/send_script/lib/python3.6/site-packages/send_script
[0.890s] copying /home/robot/workspace2/team15_ws/build/send_script/build/lib/send_script/eye_in_hand_calibration.py -> /home/robot/workspace2/team15_ws/install/send_script/lib/python3.6/site-packages/send_script
[0.890s] copying /home/robot/workspace2/team15_ws/build/send_script/build/lib/send_script/image_sub.py -> /home/robot/workspace2/team15_ws/install/send_script/lib/python3.6/site-packages/send_script
[0.890s] copying /home/robot/workspace2/team15_ws/build/send_script/build/lib/send_script/send_script.py -> /home/robot/workspace2/team15_ws/install/send_script/lib/python3.6/site-packages/send_script
[0.890s] copying /home/robot/workspace2/team15_ws/build/send_script/build/lib/send_script/eye_to_hand_calibration.py -> /home/robot/workspace2/team15_ws/install/send_script/lib/python3.6/site-packages/send_script
[0.890s] copying /home/robot/workspace2/team15_ws/build/send_script/build/lib/send_script/camera.py -> /home/robot/workspace2/team15_ws/install/send_script/lib/python3.6/site-packages/send_script
[0.890s] copying /home/robot/workspace2/team15_ws/build/send_script/build/lib/send_script/create_grid.py -> /home/robot/workspace2/team15_ws/install/send_script/lib/python3.6/site-packages/send_script
[0.891s] byte-compiling /home/robot/workspace2/team15_ws/install/send_script/lib/python3.6/site-packages/send_script/hw4.py to hw4.cpython-36.pyc
[0.892s] byte-compiling /home/robot/workspace2/team15_ws/install/send_script/lib/python3.6/site-packages/send_script/__init__.py to __init__.cpython-36.pyc
[0.892s] byte-compiling /home/robot/workspace2/team15_ws/install/send_script/lib/python3.6/site-packages/send_script/tm_robot_arm.py to tm_robot_arm.cpython-36.pyc
[0.892s] byte-compiling /home/robot/workspace2/team15_ws/install/send_script/lib/python3.6/site-packages/send_script/eye_in_hand_calibration.py to eye_in_hand_calibration.cpython-36.pyc
[0.893s] byte-compiling /home/robot/workspace2/team15_ws/install/send_script/lib/python3.6/site-packages/send_script/image_sub.py to image_sub.cpython-36.pyc
[0.893s] byte-compiling /home/robot/workspace2/team15_ws/install/send_script/lib/python3.6/site-packages/send_script/send_script.py to send_script.cpython-36.pyc
[0.894s] byte-compiling /home/robot/workspace2/team15_ws/install/send_script/lib/python3.6/site-packages/send_script/eye_to_hand_calibration.py to eye_to_hand_calibration.cpython-36.pyc
[0.895s] byte-compiling /home/robot/workspace2/team15_ws/install/send_script/lib/python3.6/site-packages/send_script/camera.py to camera.cpython-36.pyc
[0.897s] byte-compiling /home/robot/workspace2/team15_ws/install/send_script/lib/python3.6/site-packages/send_script/create_grid.py to create_grid.cpython-36.pyc
[0.898s] running install_data
[0.898s] copying resource/send_script -> /home/robot/workspace2/team15_ws/install/send_script/share/ament_index/resource_index/packages
[0.898s] copying package.xml -> /home/robot/workspace2/team15_ws/install/send_script/share/send_script
[0.898s] running install_egg_info
[0.899s] removing '/home/robot/workspace2/team15_ws/install/send_script/lib/python3.6/site-packages/send_script-0.0.0-py3.6.egg-info' (and everything under it)
[0.900s] Copying ../../build/send_script/send_script.egg-info to /home/robot/workspace2/team15_ws/install/send_script/lib/python3.6/site-packages/send_script-0.0.0-py3.6.egg-info
[0.900s] running install_scripts
[0.914s] Installing eye_in_hand_calibration script to /home/robot/workspace2/team15_ws/install/send_script/lib/send_script
[0.914s] Installing eye_to_hand_calibration script to /home/robot/workspace2/team15_ws/install/send_script/lib/send_script
[0.914s] Installing hw4 script to /home/robot/workspace2/team15_ws/install/send_script/lib/send_script
[0.914s] Installing img_sub script to /home/robot/workspace2/team15_ws/install/send_script/lib/send_script
[0.914s] Installing send_script script to /home/robot/workspace2/team15_ws/install/send_script/lib/send_script
[0.914s] writing list of installed files to '/home/robot/workspace2/team15_ws/build/send_script/install.log'
[0.927s] Invoked command in '/home/robot/workspace2/team15_ws/src/send_script' returned '0': PYTHONPATH=/home/robot/workspace2/team15_ws/build/send_script/prefix_override:/home/robot/workspace2/team15_ws/install/send_script/lib/python3.6/site-packages:${PYTHONPATH} /usr/bin/python3 setup.py egg_info --egg-base ../../build/send_script build --build-base /home/robot/workspace2/team15_ws/build/send_script/build install --record /home/robot/workspace2/team15_ws/build/send_script/install.log --install-scripts $base/lib/send_script --single-version-externally-managed
