/home/robot/workspace2/team15_ws/install/final_project/lib/python3.6/site-packages/final_project/canvas_localization_new.py
/home/robot/workspace2/team15_ws/install/final_project/lib/python3.6/site-packages/final_project/__init__.py
/home/robot/workspace2/team15_ws/install/final_project/lib/python3.6/site-packages/final_project/tm_robot_arm.py
/home/robot/workspace2/team15_ws/install/final_project/lib/python3.6/site-packages/final_project/speech_to_text.py
/home/robot/workspace2/team15_ws/install/final_project/lib/python3.6/site-packages/final_project/text_to_image.py
/home/robot/workspace2/team15_ws/install/final_project/lib/python3.6/site-packages/final_project/final_project_main.py
/home/robot/workspace2/team15_ws/install/final_project/lib/python3.6/site-packages/final_project/homography.py
/home/robot/workspace2/team15_ws/install/final_project/lib/python3.6/site-packages/final_project/camera.py
/home/robot/workspace2/team15_ws/install/final_project/lib/python3.6/site-packages/final_project/edgegroup_pure.py
/home/robot/workspace2/team15_ws/install/final_project/lib/python3.6/site-packages/final_project/find_mic.py
/home/robot/workspace2/team15_ws/install/final_project/lib/python3.6/site-packages/final_project/__pycache__/canvas_localization_new.cpython-36.pyc
/home/robot/workspace2/team15_ws/install/final_project/lib/python3.6/site-packages/final_project/__pycache__/__init__.cpython-36.pyc
/home/robot/workspace2/team15_ws/install/final_project/lib/python3.6/site-packages/final_project/__pycache__/tm_robot_arm.cpython-36.pyc
/home/robot/workspace2/team15_ws/install/final_project/lib/python3.6/site-packages/final_project/__pycache__/speech_to_text.cpython-36.pyc
/home/robot/workspace2/team15_ws/install/final_project/lib/python3.6/site-packages/final_project/__pycache__/text_to_image.cpython-36.pyc
/home/robot/workspace2/team15_ws/install/final_project/lib/python3.6/site-packages/final_project/__pycache__/final_project_main.cpython-36.pyc
/home/robot/workspace2/team15_ws/install/final_project/lib/python3.6/site-packages/final_project/__pycache__/homography.cpython-36.pyc
/home/robot/workspace2/team15_ws/install/final_project/lib/python3.6/site-packages/final_project/__pycache__/camera.cpython-36.pyc
/home/robot/workspace2/team15_ws/install/final_project/lib/python3.6/site-packages/final_project/__pycache__/edgegroup_pure.cpython-36.pyc
/home/robot/workspace2/team15_ws/install/final_project/lib/python3.6/site-packages/final_project/__pycache__/find_mic.cpython-36.pyc
/home/robot/workspace2/team15_ws/install/final_project/share/ament_index/resource_index/packages/final_project
/home/robot/workspace2/team15_ws/install/final_project/share/final_project/package.xml
/home/robot/workspace2/team15_ws/install/final_project/lib/python3.6/site-packages/final_project-0.0.0-py3.6.egg-info/requires.txt
/home/robot/workspace2/team15_ws/install/final_project/lib/python3.6/site-packages/final_project-0.0.0-py3.6.egg-info/SOURCES.txt
/home/robot/workspace2/team15_ws/install/final_project/lib/python3.6/site-packages/final_project-0.0.0-py3.6.egg-info/dependency_links.txt
/home/robot/workspace2/team15_ws/install/final_project/lib/python3.6/site-packages/final_project-0.0.0-py3.6.egg-info/zip-safe
/home/robot/workspace2/team15_ws/install/final_project/lib/python3.6/site-packages/final_project-0.0.0-py3.6.egg-info/top_level.txt
/home/robot/workspace2/team15_ws/install/final_project/lib/python3.6/site-packages/final_project-0.0.0-py3.6.egg-info/entry_points.txt
/home/robot/workspace2/team15_ws/install/final_project/lib/python3.6/site-packages/final_project-0.0.0-py3.6.egg-info/PKG-INFO
/home/robot/workspace2/team15_ws/install/final_project/lib/final_project/final_project_main
