[0.891s] Invoking command in '/home/robot/workspace2/team15_ws/src/send_script': PYTHONPATH=/home/robot/workspace2/team15_ws/build/send_script/prefix_override:/home/robot/workspace2/team15_ws/install/send_script/lib/python3.6/site-packages:${PYTHONPATH} /usr/bin/python3 setup.py egg_info --egg-base ../../build/send_script build --build-base /home/robot/workspace2/team15_ws/build/send_script/build install --record /home/robot/workspace2/team15_ws/build/send_script/install.log --install-scripts $base/lib/send_script --single-version-externally-managed
[1.139s] running egg_info
[1.140s] writing ../../build/send_script/send_script.egg-info/PKG-INFO
[1.140s] writing dependency_links to ../../build/send_script/send_script.egg-info/dependency_links.txt
[1.140s] writing entry points to ../../build/send_script/send_script.egg-info/entry_points.txt
[1.140s] writing requirements to ../../build/send_script/send_script.egg-info/requires.txt
[1.141s] writing top-level names to ../../build/send_script/send_script.egg-info/top_level.txt
[1.165s] reading manifest file '../../build/send_script/send_script.egg-info/SOURCES.txt'
[1.166s] writing manifest file '../../build/send_script/send_script.egg-info/SOURCES.txt'
[1.166s] running build
[1.166s] running build_py
[1.166s] copying send_script/hw4.py -> /home/robot/workspace2/team15_ws/build/send_script/build/lib/send_script
[1.166s] copying send_script/__init__.py -> /home/robot/workspace2/team15_ws/build/send_script/build/lib/send_script
[1.166s] copying send_script/tm_robot_arm.py -> /home/robot/workspace2/team15_ws/build/send_script/build/lib/send_script
[1.166s] copying send_script/eye_in_hand_calibration.py -> /home/robot/workspace2/team15_ws/build/send_script/build/lib/send_script
[1.166s] copying send_script/image_sub.py -> /home/robot/workspace2/team15_ws/build/send_script/build/lib/send_script
[1.167s] copying send_script/send_script.py -> /home/robot/workspace2/team15_ws/build/send_script/build/lib/send_script
[1.167s] copying send_script/corner.py -> /home/robot/workspace2/team15_ws/build/send_script/build/lib/send_script
[1.167s] copying send_script/eye_to_hand_calibration.py -> /home/robot/workspace2/team15_ws/build/send_script/build/lib/send_script
[1.167s] copying send_script/camera.py -> /home/robot/workspace2/team15_ws/build/send_script/build/lib/send_script
[1.167s] copying send_script/create_grid.py -> /home/robot/workspace2/team15_ws/build/send_script/build/lib/send_script
[1.167s] running install
[1.167s] running install_lib
[1.168s] copying /home/robot/workspace2/team15_ws/build/send_script/build/lib/send_script/hw4.py -> /home/robot/workspace2/team15_ws/install/send_script/lib/python3.6/site-packages/send_script
[1.168s] copying /home/robot/workspace2/team15_ws/build/send_script/build/lib/send_script/__init__.py -> /home/robot/workspace2/team15_ws/install/send_script/lib/python3.6/site-packages/send_script
[1.168s] copying /home/robot/workspace2/team15_ws/build/send_script/build/lib/send_script/tm_robot_arm.py -> /home/robot/workspace2/team15_ws/install/send_script/lib/python3.6/site-packages/send_script
[1.168s] copying /home/robot/workspace2/team15_ws/build/send_script/build/lib/send_script/eye_in_hand_calibration.py -> /home/robot/workspace2/team15_ws/install/send_script/lib/python3.6/site-packages/send_script
[1.168s] copying /home/robot/workspace2/team15_ws/build/send_script/build/lib/send_script/image_sub.py -> /home/robot/workspace2/team15_ws/install/send_script/lib/python3.6/site-packages/send_script
[1.169s] copying /home/robot/workspace2/team15_ws/build/send_script/build/lib/send_script/send_script.py -> /home/robot/workspace2/team15_ws/install/send_script/lib/python3.6/site-packages/send_script
[1.169s] copying /home/robot/workspace2/team15_ws/build/send_script/build/lib/send_script/corner.py -> /home/robot/workspace2/team15_ws/install/send_script/lib/python3.6/site-packages/send_script
[1.169s] copying /home/robot/workspace2/team15_ws/build/send_script/build/lib/send_script/eye_to_hand_calibration.py -> /home/robot/workspace2/team15_ws/install/send_script/lib/python3.6/site-packages/send_script
[1.169s] copying /home/robot/workspace2/team15_ws/build/send_script/build/lib/send_script/camera.py -> /home/robot/workspace2/team15_ws/install/send_script/lib/python3.6/site-packages/send_script
[1.169s] copying /home/robot/workspace2/team15_ws/build/send_script/build/lib/send_script/create_grid.py -> /home/robot/workspace2/team15_ws/install/send_script/lib/python3.6/site-packages/send_script
[1.169s] byte-compiling /home/robot/workspace2/team15_ws/install/send_script/lib/python3.6/site-packages/send_script/hw4.py to hw4.cpython-36.pyc
[1.171s] byte-compiling /home/robot/workspace2/team15_ws/install/send_script/lib/python3.6/site-packages/send_script/__init__.py to __init__.cpython-36.pyc
[1.171s] byte-compiling /home/robot/workspace2/team15_ws/install/send_script/lib/python3.6/site-packages/send_script/tm_robot_arm.py to tm_robot_arm.cpython-36.pyc
[1.171s] byte-compiling /home/robot/workspace2/team15_ws/install/send_script/lib/python3.6/site-packages/send_script/eye_in_hand_calibration.py to eye_in_hand_calibration.cpython-36.pyc
[1.172s] byte-compiling /home/robot/workspace2/team15_ws/install/send_script/lib/python3.6/site-packages/send_script/image_sub.py to image_sub.cpython-36.pyc
[1.172s] byte-compiling /home/robot/workspace2/team15_ws/install/send_script/lib/python3.6/site-packages/send_script/send_script.py to send_script.cpython-36.pyc
[1.173s] byte-compiling /home/robot/workspace2/team15_ws/install/send_script/lib/python3.6/site-packages/send_script/corner.py to corner.cpython-36.pyc
[1.173s] byte-compiling /home/robot/workspace2/team15_ws/install/send_script/lib/python3.6/site-packages/send_script/eye_to_hand_calibration.py to eye_to_hand_calibration.cpython-36.pyc
[1.175s] byte-compiling /home/robot/workspace2/team15_ws/install/send_script/lib/python3.6/site-packages/send_script/camera.py to camera.cpython-36.pyc
[1.178s] byte-compiling /home/robot/workspace2/team15_ws/install/send_script/lib/python3.6/site-packages/send_script/create_grid.py to create_grid.cpython-36.pyc
[1.179s] running install_data
[1.179s] copying resource/send_script -> /home/robot/workspace2/team15_ws/install/send_script/share/ament_index/resource_index/packages
[1.179s] copying package.xml -> /home/robot/workspace2/team15_ws/install/send_script/share/send_script
[1.179s] running install_egg_info
[1.181s] removing '/home/robot/workspace2/team15_ws/install/send_script/lib/python3.6/site-packages/send_script-0.0.0-py3.6.egg-info' (and everything under it)
[1.181s] Copying ../../build/send_script/send_script.egg-info to /home/robot/workspace2/team15_ws/install/send_script/lib/python3.6/site-packages/send_script-0.0.0-py3.6.egg-info
[1.181s] running install_scripts
[1.196s] Installing eye_in_hand_calibration script to /home/robot/workspace2/team15_ws/install/send_script/lib/send_script
[1.196s] Installing eye_to_hand_calibration script to /home/robot/workspace2/team15_ws/install/send_script/lib/send_script
[1.196s] Installing hw4 script to /home/robot/workspace2/team15_ws/install/send_script/lib/send_script
[1.196s] Installing img_sub script to /home/robot/workspace2/team15_ws/install/send_script/lib/send_script
[1.196s] Installing send_script script to /home/robot/workspace2/team15_ws/install/send_script/lib/send_script
[1.196s] writing list of installed files to '/home/robot/workspace2/team15_ws/build/send_script/install.log'
[1.213s] Invoked command in '/home/robot/workspace2/team15_ws/src/send_script' returned '0': PYTHONPATH=/home/robot/workspace2/team15_ws/build/send_script/prefix_override:/home/robot/workspace2/team15_ws/install/send_script/lib/python3.6/site-packages:${PYTHONPATH} /usr/bin/python3 setup.py egg_info --egg-base ../../build/send_script build --build-base /home/robot/workspace2/team15_ws/build/send_script/build install --record /home/robot/workspace2/team15_ws/build/send_script/install.log --install-scripts $base/lib/send_script --single-version-externally-managed
