/home/robot/workspace2/team15_ws/install/send_script/lib/python3.6/site-packages/send_script/hw4.py
/home/robot/workspace2/team15_ws/install/send_script/lib/python3.6/site-packages/send_script/__init__.py
/home/robot/workspace2/team15_ws/install/send_script/lib/python3.6/site-packages/send_script/tm_robot_arm.py
/home/robot/workspace2/team15_ws/install/send_script/lib/python3.6/site-packages/send_script/eye_in_hand_calibration.py
/home/robot/workspace2/team15_ws/install/send_script/lib/python3.6/site-packages/send_script/image_sub.py
/home/robot/workspace2/team15_ws/install/send_script/lib/python3.6/site-packages/send_script/send_script.py
/home/robot/workspace2/team15_ws/install/send_script/lib/python3.6/site-packages/send_script/corner.py
/home/robot/workspace2/team15_ws/install/send_script/lib/python3.6/site-packages/send_script/eye_to_hand_calibration.py
/home/robot/workspace2/team15_ws/install/send_script/lib/python3.6/site-packages/send_script/camera.py
/home/robot/workspace2/team15_ws/install/send_script/lib/python3.6/site-packages/send_script/create_grid.py
/home/robot/workspace2/team15_ws/install/send_script/lib/python3.6/site-packages/send_script/__pycache__/hw4.cpython-36.pyc
/home/robot/workspace2/team15_ws/install/send_script/lib/python3.6/site-packages/send_script/__pycache__/__init__.cpython-36.pyc
/home/robot/workspace2/team15_ws/install/send_script/lib/python3.6/site-packages/send_script/__pycache__/tm_robot_arm.cpython-36.pyc
/home/robot/workspace2/team15_ws/install/send_script/lib/python3.6/site-packages/send_script/__pycache__/eye_in_hand_calibration.cpython-36.pyc
/home/robot/workspace2/team15_ws/install/send_script/lib/python3.6/site-packages/send_script/__pycache__/image_sub.cpython-36.pyc
/home/robot/workspace2/team15_ws/install/send_script/lib/python3.6/site-packages/send_script/__pycache__/send_script.cpython-36.pyc
/home/robot/workspace2/team15_ws/install/send_script/lib/python3.6/site-packages/send_script/__pycache__/corner.cpython-36.pyc
/home/robot/workspace2/team15_ws/install/send_script/lib/python3.6/site-packages/send_script/__pycache__/eye_to_hand_calibration.cpython-36.pyc
/home/robot/workspace2/team15_ws/install/send_script/lib/python3.6/site-packages/send_script/__pycache__/camera.cpython-36.pyc
/home/robot/workspace2/team15_ws/install/send_script/lib/python3.6/site-packages/send_script/__pycache__/create_grid.cpython-36.pyc
/home/robot/workspace2/team15_ws/install/send_script/share/ament_index/resource_index/packages/send_script
/home/robot/workspace2/team15_ws/install/send_script/share/send_script/package.xml
/home/robot/workspace2/team15_ws/install/send_script/lib/python3.6/site-packages/send_script-0.0.0-py3.6.egg-info/requires.txt
/home/robot/workspace2/team15_ws/install/send_script/lib/python3.6/site-packages/send_script-0.0.0-py3.6.egg-info/SOURCES.txt
/home/robot/workspace2/team15_ws/install/send_script/lib/python3.6/site-packages/send_script-0.0.0-py3.6.egg-info/dependency_links.txt
/home/robot/workspace2/team15_ws/install/send_script/lib/python3.6/site-packages/send_script-0.0.0-py3.6.egg-info/zip-safe
/home/robot/workspace2/team15_ws/install/send_script/lib/python3.6/site-packages/send_script-0.0.0-py3.6.egg-info/top_level.txt
/home/robot/workspace2/team15_ws/install/send_script/lib/python3.6/site-packages/send_script-0.0.0-py3.6.egg-info/entry_points.txt
/home/robot/workspace2/team15_ws/install/send_script/lib/python3.6/site-packages/send_script-0.0.0-py3.6.egg-info/PKG-INFO
/home/robot/workspace2/team15_ws/install/send_script/lib/send_script/eye_in_hand_calibration
/home/robot/workspace2/team15_ws/install/send_script/lib/send_script/eye_to_hand_calibration
/home/robot/workspace2/team15_ws/install/send_script/lib/send_script/hw4
/home/robot/workspace2/team15_ws/install/send_script/lib/send_script/img_sub
/home/robot/workspace2/team15_ws/install/send_script/lib/send_script/send_script
