[0.620s] Invoking command in '/home/robot/workspace2/team15_ws/src/send_script': PYTHONPATH=/home/robot/workspace2/team15_ws/build/send_script/prefix_override:/home/robot/workspace2/team15_ws/install/send_script/lib/python3.6/site-packages:${PYTHONPATH} /usr/bin/python3 setup.py egg_info --egg-base ../../build/send_script build --build-base /home/robot/workspace2/team15_ws/build/send_script/build install --record /home/robot/workspace2/team15_ws/build/send_script/install.log --install-scripts $base/lib/send_script --single-version-externally-managed
[0.862s] running egg_info
[0.863s] writing ../../build/send_script/send_script.egg-info/PKG-INFO
[0.863s] writing dependency_links to ../../build/send_script/send_script.egg-info/dependency_links.txt
[0.863s] writing entry points to ../../build/send_script/send_script.egg-info/entry_points.txt
[0.863s] writing requirements to ../../build/send_script/send_script.egg-info/requires.txt
[0.863s] writing top-level names to ../../build/send_script/send_script.egg-info/top_level.txt
[0.886s] reading manifest file '../../build/send_script/send_script.egg-info/SOURCES.txt'
[0.887s] writing manifest file '../../build/send_script/send_script.egg-info/SOURCES.txt'
[0.888s] running build
[0.888s] running build_py
[0.888s] copying send_script/camera.py -> /home/robot/workspace2/team15_ws/build/send_script/build/lib/send_script
[0.888s] running install
[0.889s] running install_lib
[0.889s] copying /home/robot/workspace2/team15_ws/build/send_script/build/lib/send_script/camera.py -> /home/robot/workspace2/team15_ws/install/send_script/lib/python3.6/site-packages/send_script
[0.890s] byte-compiling /home/robot/workspace2/team15_ws/install/send_script/lib/python3.6/site-packages/send_script/camera.py to camera.cpython-36.pyc
[0.893s] running install_data
[0.893s] running install_egg_info
[0.894s] removing '/home/robot/workspace2/team15_ws/install/send_script/lib/python3.6/site-packages/send_script-0.0.0-py3.6.egg-info' (and everything under it)
[0.895s] Copying ../../build/send_script/send_script.egg-info to /home/robot/workspace2/team15_ws/install/send_script/lib/python3.6/site-packages/send_script-0.0.0-py3.6.egg-info
[0.895s] running install_scripts
[0.909s] Installing eye_in_hand_calibration script to /home/robot/workspace2/team15_ws/install/send_script/lib/send_script
[0.909s] Installing eye_to_hand_calibration script to /home/robot/workspace2/team15_ws/install/send_script/lib/send_script
[0.909s] Installing hw4 script to /home/robot/workspace2/team15_ws/install/send_script/lib/send_script
[0.909s] Installing img_sub script to /home/robot/workspace2/team15_ws/install/send_script/lib/send_script
[0.909s] Installing send_script script to /home/robot/workspace2/team15_ws/install/send_script/lib/send_script
[0.909s] writing list of installed files to '/home/robot/workspace2/team15_ws/build/send_script/install.log'
[0.923s] Invoked command in '/home/robot/workspace2/team15_ws/src/send_script' returned '0': PYTHONPATH=/home/robot/workspace2/team15_ws/build/send_script/prefix_override:/home/robot/workspace2/team15_ws/install/send_script/lib/python3.6/site-packages:${PYTHONPATH} /usr/bin/python3 setup.py egg_info --egg-base ../../build/send_script build --build-base /home/robot/workspace2/team15_ws/build/send_script/build install --record /home/robot/workspace2/team15_ws/build/send_script/install.log --install-scripts $base/lib/send_script --single-version-externally-managed
